<?xml version="1.0" encoding="UTF-8"?>
<testsuite xmlns:xsi="http://www.w3.org/2001/XMLSchema-instance" xsi:noNamespaceSchemaLocation="https://maven.apache.org/surefire/maven-surefire-plugin/xsd/surefire-test-report.xsd" name="E-commerce Project Web Site Health Check" time="78.525" tests="2" errors="0" skipped="0" failures="0">
  <properties>
[...]
</properties>
  <testcase name="Navigation to the URL" classname="E-commerce Project Web Site Health Check" time="38.302"/>
  <testcase name="User is able to Open the browser, navigate to the URL and Search for Product" classname="E-commerce Project Web Site Health Check" time="40.223"/>
</testsuite>